   Berechnung mit Programm DRIFT2011: 2020 06 05
                                                                   ************
   GRAVIMETER: CG-5                                     MESSDATUM :*2019 10 21*
                                                                   ************

   Gezeiten im Gravimeter korrigiert
   dh von Oberkante zum Sensor (-21.1 cm) korrigiert
                     mittlere geographische Koordinaten:  47.1071   9.8530

   ZEIT       Lesung      dh      VG      Wert     Abw.     Koordinaten
   [UTC]                 [cm]   [ - - - Mikrogal - - - ]

    6.11    5857.711    -15.1    308.65857664.4      1.8  47.0808   9.9199
    9.08    5857.712    -15.1    308.65857665.4      2.3  47.0808   9.9199
   11.56    5857.706    -15.1    308.65857659.4     -4.1  47.0808   9.9199
     0 = 2-142-10   : 5857662.6 +/-   4.1

    6.47    5887.181     -0.6    308.65887179.1      4.0  47.1451   9.8597
    9.42    5887.175     -1.1    308.65887171.6     -4.0  47.1451   9.8597
     1 = 2-142-00   : 5887175.1 +/-   6.0

    7.29    5952.393     25.4    343.05952480.1     -9.3  47.2278   9.5722
   10.27    5952.412     25.4    343.05952499.1      9.3  47.2278   9.5722
     2 = 1-140-00   : 5952489.2 +/-  13.3

    8.35    5770.156     25.4    308.65770234.4     -0.3  46.9879  10.0266
   11.30    5770.157     25.4    308.65770235.4      0.3  46.9879  10.0266
     3 = 2-169-01   : 5770234.3 +/-   2.0


          lineare Driftanpassung:
          A =  0.15085D+00
          SIGMA =   5.4

          Gangbreite =   19.

  ************************************************************************
  *                                                   2                  *  10.
  *                                                                      *
  *                                                                      *
  *       1                                                              *
  *0                                  0                                  *
  ******************************3**********************************3******   0.
  *                                                                      *
  *                                          1                          0*
  *                                                                      *
  *                                                                      *
  *                2                                                     *  -9.
  ************************************************************************


   Messungen:   9   Dauer[h.m]:   5.45   Messungen/Stunde:   1.57
   Berechnung mit Programm DRIFT2011: 2020 06 05
                                                                   ************
   GRAVIMETER: CG-5                                     MESSDATUM :*2019 10 21*
                                                                   ************

   Gezeiten im Gravimeter korrigiert
   dh von Oberkante zum Sensor (-21.1 cm) korrigiert
                     mittlere geographische Koordinaten:  47.1071   9.8530

   ZEIT       Lesung      dh      VG      Wert     Abw.     Koordinaten
   [UTC]                 [cm]   [ - - - Mikrogal - - - ]

    6.11    5857.711    -15.1    308.65857664.4      1.9  47.0808   9.9199
    9.08    5857.712    -15.1    308.65857665.4      2.1  47.0808   9.9199
   11.56    5857.706    -15.1    308.65857659.4     -4.0  47.0808   9.9199
     0 = 2-142-10   : 5857662.5 +/-   4.0

    6.47    5887.181     -0.6    308.65887179.1      4.1  47.1451   9.8597
    9.42    5887.175     -1.1    308.65887171.6     -4.1  47.1451   9.8597
     1 = 2-142-00   : 5887174.8 +/-   6.1

    7.29    5952.393     25.4    343.05952480.1     -9.3  47.2278   9.5722
   10.27    5952.412     25.4    343.05952499.1      9.3  47.2278   9.5722
     2 = 1-140-00   : 5952488.9 +/-  13.3

    8.35    5770.156     25.4    308.65770234.4     -0.4  46.9879  10.0266
   11.30    5770.157     25.4    308.65770235.4      0.4  46.9879  10.0266
     3 = 2-169-01   : 5770234.0 +/-   2.1


          quadratische Driftanpassung:
          A =  0.43583D+00  B = -0.49504D-01
          SIGMA =   5.4

          Gangbreite =   19.

  ************************************************************************
  *                                                   2                  *  10.
  *                                                                      *
  *                                                                      *
  *       1                                                              *
  *0                                  0                                  *
  ******************************3**********************************3******   1.
  *                                                                      *
  *                                          1                          0*
  *                                                                      *
  *                                                                      *
  *                2                                                     *  -9.
  ************************************************************************


   Messungen:   9   Dauer[h.m]:   5.45   Messungen/Stunde:   1.57
   Berechnung mit Programm DRIFT2011: 2020 06 05
                                                                   ************
   GRAVIMETER: CG-5                                     MESSDATUM :*2019 10 21*
                                                                   ************

   Gezeiten im Gravimeter korrigiert
   dh von Oberkante zum Sensor (-21.1 cm) korrigiert
                     mittlere geographische Koordinaten:  47.1071   9.8530

   ZEIT       Lesung      dh      VG      Wert     Abw.     Koordinaten
   [UTC]                 [cm]   [ - - - Mikrogal - - - ]

    6.11    5857.711    -15.1    308.65857664.4     -2.5  47.0808   9.9199
    9.08    5857.712    -15.1    308.65857665.4      2.4  47.0808   9.9199
   11.56    5857.706    -15.1    308.65857659.4      0.1  47.0808   9.9199
     0 = 2-142-10   : 5857666.9 +/-   3.2

    6.47    5887.181     -0.6    308.65887179.1      6.2  47.1451   9.8597
    9.42    5887.175     -1.1    308.65887171.6     -6.2  47.1451   9.8597
     1 = 2-142-00   : 5887179.1 +/-   9.0

    7.29    5952.393     25.4    343.05952480.1     -4.8  47.2278   9.5722
   10.27    5952.412     25.4    343.05952499.1      4.8  47.2278   9.5722
     2 = 1-140-00   : 5952493.8 +/-   7.0

    8.35    5770.156     25.4    308.65770234.4      1.3  46.9879  10.0266
   11.30    5770.157     25.4    308.65770235.4     -1.3  46.9879  10.0266
     3 = 2-169-01   : 5770239.6 +/-   2.7


          kubische Driftanpassung:
          A = -0.14010D+02  B =  0.65078D+01  C = -0.74806D+00
          SIGMA =   4.2

          Gangbreite =   19.

  ************************************************************************
  *                                                   2                  *   5.
  *                                                                      *
  *                                                    **                *
  ***     1                                   *********  *******         *
  *0 **                               0  *****                  ****     *
  *    **                           *****                          3**   *  -4.
  *      ***                   *3***                                  ** *
  *         *******   *********              1                          0*
  *                ***                                                   *
  *                                                                      *
  *                2                                                     * -14.
  ************************************************************************


   Messungen:   9   Dauer[h.m]:   5.45   Messungen/Stunde:   1.57
