   Berechnung mit Programm DRIFT2011: 2020 06 05
                                                                   ************
   GRAVIMETER: CG-5                                     MESSDATUM :*2019 10 21*
                                                                   ************

   Gezeiten im Gravimeter korrigiert
   dh von Oberkante zum Sensor (-21.1 cm) korrigiert
                     mittlere geographische Koordinaten:  47.1005   9.8697

   ZEIT       Lesung      dh      VG      Wert     Abw.     Koordinaten
   [UTC]                 [cm]   [ - - - Mikrogal - - - ]

    6.11    5857.711    -15.1    308.65857664.4     -1.2  47.0808   9.9199
    9.08    5857.712    -15.1    308.65857665.4      2.4  47.0808   9.9199
   11.56    5857.706    -15.1    308.65857659.4     -1.2  47.0808   9.9199
     0 = 2-142-10   : 5857665.6 +/-   2.9


          lineare Driftanpassung:
          A = -0.85878D+00
          SIGMA =   2.1

          Gangbreite =    6.

  ************************************************************************
  ************                        0                                  *
  *0          **********************                                     *
  *                                 *********************                *
  *                                                      *****************
  *                                                                     0*  -6.
  ************************************************************************

    Punkt       Zeit  Lesung1   Volt   dh    Gez.  Wert    Drift red.Wert  sig

    2-142-00    6.47    5887.  0.000   -0.6    0. 5887179.   -1. 5887180.+-   5.
    1-140-00    7.29    5952.  0.000   25.4    0. 5952480.   -1. 5952481.+-   5.
    2-169-01   11.30    5770.  0.000   25.4    0. 5770235.   -5. 5770240.+-   5.

   Messungen:   6   Dauer[h.m]:   5.45   Messungen/Stunde:   1.04
   Berechnung mit Programm DRIFT2011: 2020 06 05
                                                                   ************
   GRAVIMETER: CG-5                                     MESSDATUM :*2019 10 21*
                                                                   ************

   Gezeiten im Gravimeter korrigiert
   dh von Oberkante zum Sensor (-21.1 cm) korrigiert
                     mittlere geographische Koordinaten:  47.1005   9.8697

   ZEIT       Lesung      dh      VG      Wert     Abw.     Koordinaten
   [UTC]                 [cm]   [ - - - Mikrogal - - - ]

    6.11    5857.711    -15.1    308.65857664.4      0.0  47.0808   9.9199
    9.08    5857.712    -15.1    308.65857665.4      0.0  47.0808   9.9199
   11.56    5857.706    -15.1    308.65857659.4      0.0  47.0808   9.9199
     0 = 2-142-10   : 5857664.4 +/-   2.0


          quadratische Driftanpassung:
          A =  0.16123D+01  B = -0.43162D+00
          SIGMA =   0.0

          Gangbreite =    7.

  ************************************************************************
  *      *****************************0***                               *
  *0*****                                 ************                   *
  *                                                   *********          *
  *                                                            ******    *
  *                                                                  ***0*  -5.
  ************************************************************************

    Punkt       Zeit  Lesung1   Volt   dh    Gez.  Wert    Drift red.Wert  sig

    2-142-00    6.47    5887.  0.000   -0.6    0. 5887179.    1. 5887178.+-   5.
    1-140-00    7.29    5952.  0.000   25.4    0. 5952480.    1. 5952479.+-   5.
    2-169-01   11.30    5770.  0.000   25.4    0. 5770235.   -4. 5770239.+-   5.

   Messungen:   6   Dauer[h.m]:   5.45   Messungen/Stunde:   1.04
   Berechnung mit Programm DRIFT2011: 2020 06 05
                                                                   ************
   GRAVIMETER: CG-5                                     MESSDATUM :*2019 10 21*
                                                                   ************

   Gezeiten im Gravimeter korrigiert
   dh von Oberkante zum Sensor (-21.1 cm) korrigiert
                     mittlere geographische Koordinaten:  47.1005   9.8697

   ZEIT       Lesung      dh      VG      Wert     Abw.     Koordinaten
   [UTC]                 [cm]   [ - - - Mikrogal - - - ]

    6.11    5857.711    -15.1    308.65857664.4      0.0  47.0808   9.9199
    9.08    5857.712    -15.1    308.65857665.4      0.0  47.0808   9.9199
   11.56    5857.706    -15.1    308.65857659.4      0.0  47.0808   9.9199
     0 = 2-142-10   : 5857664.4 +/-   2.0


          kubische Driftanpassung:
          A = -0.31076D+06  B =  0.15939D+06  C = -0.18321D+05
          SIGMA =   0.0

          Gangbreite =******

  ************************************************************************
  *                                                    ******            ******
  *                                                  **      **          *
  *                                                **          **        *
  *                                               *              *       *
  *                                             **                *      *
  *                                            *                         ******
  *                                           *                    *     *
  *                                          *                      *    *
  *                                         *                            *
  *                                        *                         *   *
  *                                       *                           *  ******
  *                                      *                               *
  *                                                                    * *
  *                                     *                                *
  *0                                  0*                                0*
  *                                   *                                  ******
  *                                  *                                   *
  * *                               *                                    *
  *                                *                                     *
  *  *                            *                                      *
  *   *                          *                                       ******
  *                             *                                        *
  *    *                       *                                         *
  *                           *                                          *
  *     *                    *                                           *
  *      *                  *                                            ******
  *       *                *                                             *
  *        *             **                                              *
  *         *           *                                                *
  *          **      ***                                                 *
  *            ******                                                    ******
  ************************************************************************

    Punkt       Zeit  Lesung1   Volt   dh    Gez.  Wert    Drift red.Wert  sig

    2-142-00    6.47    5887.  0.000   -0.6    0. 5887179. ***** 6020213.+-   5.
    1-140-00    7.29    5952.  0.000   25.4    0. 5952480. ***** 6127353.+-   5.
    2-169-01   11.30    5770.  0.000   25.4    0. 5770235. ***** 5670346.+-   5.

   Messungen:   6   Dauer[h.m]:   5.45   Messungen/Stunde:   1.04
