   Berechnung mit Programm DRIFT2011: 2020 06 05
                                                                   ************
   GRAVIMETER: CG-5                                     MESSDATUM :*2019 10 21*
                                                                   ************

   Gezeiten im Gravimeter korrigiert
   dh von Oberkante zum Sensor (-21.1 cm) korrigiert
                     mittlere geographische Koordinaten:  47.1187   9.8272

   ZEIT       Lesung      dh      VG      Wert     Abw.     Koordinaten
   [UTC]                 [cm]   [ - - - Mikrogal - - - ]

    6.11    5857.711    -15.1    308.65857664.4      3.3  47.0808   9.9199
    9.08    5857.712    -15.1    308.65857665.4      2.3  47.0808   9.9199
   11.56    5857.706    -15.1    308.65857659.4     -5.6  47.0808   9.9199
     0 = 2-142-10   : 5857661.1 +/-   5.2

    7.29    5952.393     25.4    343.05952480.1     -8.5  47.2278   9.5722
   10.27    5952.412     25.4    343.05952499.1      8.5  47.2278   9.5722
     1 = 1-140-00   : 5952487.8 +/-  12.2


          lineare Driftanpassung:
          A =  0.66792D+00
          SIGMA =   6.9

          Gangbreite =   19.

  ************************************************************************
  *                                                   1                  *  11.
  *                                                                      *
  *                                                                      *
  *                                                                      *
  *0                                  0               ********************
  *                 **********************************                   *   2.
  ******************                                                     *
  *                                                                     0*
  *                                                                      *
  *                                                                      *
  *                1                                                     *  -8.
  ************************************************************************

    Punkt       Zeit  Lesung1   Volt   dh    Gez.  Wert    Drift red.Wert  sig

    2-142-00    6.47    5887.  0.000   -0.6    0. 5887179.    0. 5887179.+-   9.
    2-169-01   11.30    5770.  0.000   25.4    0. 5770235.    4. 5770232.+-   9.

   Messungen:   7   Dauer[h.m]:   5.45   Messungen/Stunde:   1.22
   Berechnung mit Programm DRIFT2011: 2020 06 05
                                                                   ************
   GRAVIMETER: CG-5                                     MESSDATUM :*2019 10 21*
                                                                   ************

   Gezeiten im Gravimeter korrigiert
   dh von Oberkante zum Sensor (-21.1 cm) korrigiert
                     mittlere geographische Koordinaten:  47.1187   9.8272

   ZEIT       Lesung      dh      VG      Wert     Abw.     Koordinaten
   [UTC]                 [cm]   [ - - - Mikrogal - - - ]

    6.11    5857.711    -15.1    308.65857664.4      4.6  47.0808   9.9199
    9.08    5857.712    -15.1    308.65857665.4     -0.6  47.0808   9.9199
   11.56    5857.706    -15.1    308.65857659.4     -4.1  47.0808   9.9199
     0 = 2-142-10   : 5857659.8 +/-   4.8

    7.29    5952.393     25.4    343.05952480.1     -8.4  47.2278   9.5722
   10.27    5952.412     25.4    343.05952499.1      8.4  47.2278   9.5722
     1 = 1-140-00   : 5952484.7 +/-  12.1


          quadratische Driftanpassung:
          A =  0.36193D+01  B = -0.51854D+00
          SIGMA =   6.7

          Gangbreite =   19.

  ************************************************************************
  *                                                   1                  *  14.
  *                                                                      *
  *                                                                      *
  *                                                                      *
  *                               ***********************                *
  *0                **************    0                  **************  *   5.
  *        *********                                                   ***
  * *******                                                              *
  **                                                                    0*
  *                                                                      *
  *                1                                                     *  -5.
  ************************************************************************

    Punkt       Zeit  Lesung1   Volt   dh    Gez.  Wert    Drift red.Wert  sig

    2-142-00    6.47    5887.  0.000   -0.6    0. 5887179.    2. 5887177.+-   8.
    2-169-01   11.30    5770.  0.000   25.4    0. 5770235.    5. 5770231.+-   8.

   Messungen:   7   Dauer[h.m]:   5.45   Messungen/Stunde:   1.22
   Berechnung mit Programm DRIFT2011: 2020 06 05
                                                                   ************
   GRAVIMETER: CG-5                                     MESSDATUM :*2019 10 21*
                                                                   ************

   Gezeiten im Gravimeter korrigiert
   dh von Oberkante zum Sensor (-21.1 cm) korrigiert
                     mittlere geographische Koordinaten:  47.1187   9.8272

   ZEIT       Lesung      dh      VG      Wert     Abw.     Koordinaten
   [UTC]                 [cm]   [ - - - Mikrogal - - - ]

    6.11    5857.711    -15.1    308.65857664.4      0.0  47.0808   9.9199
    9.08    5857.712    -15.1    308.65857665.4      0.0  47.0808   9.9199
   11.56    5857.706    -15.1    308.65857659.4      0.0  47.0808   9.9199
     0 = 2-142-10   : 5857664.4 +/-   2.0

    7.29    5952.393     25.4    343.05952480.1      0.0  47.2278   9.5722
   10.27    5952.412     25.4    343.05952499.1      0.0  47.2278   9.5722
     1 = 1-140-00   : 5952490.2 +/-   2.0


          kubische Driftanpassung:
          A = -0.18639D+02  B =  0.99553D+01  C = -0.11939D+01
          SIGMA =   0.0

          Gangbreite =   19.

  ************************************************************************
  *                                                ***1******            *   9.
  *                                            ****          ***         *
  *                                        ****                 **       *
  *                                      **                       **     *
  *                                   0**                           *    *
  *0*                               **                               *   *  -1.
  *  *                           ***                                  ** *
  *   **                      ***                                       0*
  *     **                 ***                                           *
  *       ***          ****                                              *
  *          ******1***                                                  * -10.
  ************************************************************************

    Punkt       Zeit  Lesung1   Volt   dh    Gez.  Wert    Drift red.Wert  sig

    2-142-00    6.47    5887.  0.000   -0.6    0. 5887179.   -8. 5887187.+-   5.
    2-169-01   11.30    5770.  0.000   25.4    0. 5770235.    3. 5770233.+-   5.

   Messungen:   7   Dauer[h.m]:   5.45   Messungen/Stunde:   1.22
