   Berechnung mit Programm DRIFT2011: 2020 07 02
                                                                   ************
   GRAVIMETER: CG-5                                     MESSDATUM :*2020 07 01*
                                                                   ************

   Gezeiten im Gravimeter korrigiert
   dh von Oberkante zum Sensor (-21.1 cm) korrigiert
                     mittlere geographische Koordinaten:  48.2445  16.3499

   ZEIT       Lesung      dh      VG      Wert     Abw.     Koordinaten
   [UTC]                 [cm]   [ - - - Mikrogal - - - ]

    7.25    6345.369     24.9    253.06345432.0      1.1  48.2197  16.3742
   14.13    6345.344     24.9    253.06345407.0     -1.1  48.2197  16.3742
     0 = 0-059-20   : 6345430.9 +/-   2.6

    8.27    6323.342     24.9    308.66323418.8     -4.7  48.2692  16.3256
   13.18    6323.302     24.9    308.66323378.8      4.7  48.2692  16.3256
     1 = 1-040-13   : 6323416.7 +/-   7.0

    9.11    6315.089     20.7    308.66315152.9      5.9  48.2445  16.3499
   10.50    6315.059     21.0    308.66315123.8      3.7  48.2445  16.3499
   12.16    6315.026     21.2    308.66315091.4     -9.7  48.2445  16.3499
     2 = T   7  40  : 6315145.4 +/-   8.7

    9.53    6282.003     39.6    308.66282125.2     -2.6  48.2445  16.3499
   10.19    6282.004     39.6    308.66282126.2      5.9  48.2445  16.3499
   11.20    6281.971     39.7    308.66282093.5     -9.3  48.2445  16.3499
   11.44    6281.981     39.6    308.66282103.2      6.0  48.2445  16.3499
     3 = T2010  40  : 6282136.4 +/-   7.6

   10.07    6275.127     25.2    308.66275204.8     -5.8  48.2445  16.3499
   11.31    6275.115     25.1    308.66275192.5      5.8  48.2445  16.3499
     4 = T  10  40  : 6275223.1 +/-   8.4


          kubische Driftanpassung:
          A =  0.17175D+02  B = -0.11414D+02  C =  0.12348D+01
          SIGMA =   5.9

          Gangbreite =   61.

  ************************************************************************
  *     *********    2                                                   *   7.
  * ****     1   *****                                                   *
  *0                  ***                                                *
  *                      **                                              *
  *                        ***  3                                        *
  *                         3 **                                         * -13.
  *                           4 ***                                      *
  *                                ** 2                                 **
  *                                  **                                *0*
  *                                    ***   4                       **  *
  *                                       ***  3                    *    * -33.
  *                                          ***               1 ***     *
  *                                        3    ****          ***        *
  *                                                 **********           *
  *                                                                      *
  *                                                 2                    * -54.
  ************************************************************************


   Messungen:  13   Dauer[h.m]:   6.48   Messungen/Stunde:   1.91
