   Berechnung mit Programm DRIFT2011: 2020 07 02
                                                                   ************
   GRAVIMETER: CG-5                                     MESSDATUM :*2020 07 01*
                                                                   ************

   Gezeiten im Gravimeter korrigiert
   dh von Oberkante zum Sensor (-21.1 cm) korrigiert
                     mittlere geographische Koordinaten:  48.2445  16.3499

   ZEIT       Lesung      dh      VG      Wert     Abw.     Koordinaten
   [UTC]                 [cm]   [ - - - Mikrogal - - - ]

    7.25    6345.369     24.9    253.06345432.0    -13.1  48.2197  16.3742
   14.13    6345.344     24.9    253.06345407.0     13.1  48.2197  16.3742
     0 = 0-059-20   : 6345445.1 +/-  18.6

    8.27    6323.342     24.9    308.66323418.8      1.8  48.2692  16.3256
   13.18    6323.302     24.9    308.66323378.8     -1.8  48.2692  16.3256
     1 = 1-040-13   : 6323424.9 +/-   3.2

    9.11    6315.089     20.7    308.66315152.9     18.3  48.2445  16.3499
   10.50    6315.059     21.0    308.66315123.8      1.6  48.2445  16.3499
   12.16    6315.026     21.2    308.66315091.4    -20.0  48.2445  16.3499
     2 = T   7  40  : 6315147.9 +/-  19.3

    9.53    6282.003     39.6    308.66282125.2      6.2  48.2445  16.3499
   10.19    6282.004     39.6    308.66282126.2     10.4  48.2445  16.3499
   11.20    6281.971     39.7    308.66282093.5    -14.6  48.2445  16.3499
   11.44    6281.981     39.6    308.66282103.2     -1.9  48.2445  16.3499
     3 = T  10 40A3 : 6282137.6 +/-  11.2

   10.07    6275.127     25.2    308.66275204.8      0.9  48.2445  16.3499
   11.31    6275.115     25.1    308.66275192.5     -0.9  48.2445  16.3499
     4 = T2010  40  : 6275224.2 +/-   2.4


          lineare Driftanpassung:
          A = -0.75210D+01
          SIGMA =  11.0

          Gangbreite =   61.

  ************************************************************************
  *                  2                                                   *   5.
  ***                                                                    *
  *  ******                                                              *
  *        **1**                                                         *
  *0            ******      3   3                                        *
  *                   *****                                              * -15.
  *                        ***4**                                        *
  *                              *****2                                  *
  *                                   ******                             *
  *                                         *4***                        *
  *                                            3 ******                  * -36.
  *                                                    *****            0*
  *                                        3                ***1**       *
  *                                                               *****  *
  *                                                                    ***
  *                                                 2                    * -56.
  ************************************************************************


   Messungen:  13   Dauer[h.m]:   6.48   Messungen/Stunde:   1.91
   Berechnung mit Programm DRIFT2011: 2020 07 02
                                                                   ************
   GRAVIMETER: CG-5                                     MESSDATUM :*2020 07 01*
                                                                   ************

   Gezeiten im Gravimeter korrigiert
   dh von Oberkante zum Sensor (-21.1 cm) korrigiert
                     mittlere geographische Koordinaten:  48.2445  16.3499

   ZEIT       Lesung      dh      VG      Wert     Abw.     Koordinaten
   [UTC]                 [cm]   [ - - - Mikrogal - - - ]

    7.25    6345.369     24.9    253.06345432.0    -13.1  48.2197  16.3742
   14.13    6345.344     24.9    253.06345407.0     13.1  48.2197  16.3742
     0 = 0-059-20   : 6345445.1 +/-  18.7

    8.27    6323.342     24.9    308.66323418.8      2.3  48.2692  16.3256
   13.18    6323.302     24.9    308.66323378.8     -2.3  48.2692  16.3256
     1 = 1-040-13   : 6323435.5 +/-   3.8

    9.11    6315.089     20.7    308.66315152.9     16.3  48.2445  16.3499
   10.50    6315.059     21.0    308.66315123.8      4.6  48.2445  16.3499
   12.16    6315.026     21.2    308.66315091.4    -20.9  48.2445  16.3499
     2 = T   7  40  : 6315166.5 +/-  19.1

    9.53    6282.003     39.6    308.66282125.2      5.6  48.2445  16.3499
   10.19    6282.004     39.6    308.66282126.2     11.0  48.2445  16.3499
   11.20    6281.971     39.7    308.66282093.5    -14.1  48.2445  16.3499
   11.44    6281.981     39.6    308.66282103.2     -2.4  48.2445  16.3499
     3 = T  10 40A3 : 6282158.2 +/-  11.1

   10.07    6275.127     25.2    308.66275204.8      0.9  48.2445  16.3499
   11.31    6275.115     25.1    308.66275192.5     -0.9  48.2445  16.3499
     4 = T2010  40  : 6275244.9 +/-   2.4


          quadratische Driftanpassung:
          A = -0.20210D+02  B =  0.18641D+01
          SIGMA =  10.9

          Gangbreite =   75.

  ************************************************************************
  ***                                                                    *
  *  **                                                                  *
  *    **                                                                *
  *0     **          2                                                   *
  *        **1                                                           * -16.
  *          ***                                                         *
  *             **                                                       *
  *               ***                                                    *
  *                  ***    3   3                                        *
  *                     ****                                             * -36.
  *                         **4                                         0*
  *                            *****  2                                  *
  *                                 *****                                *
  *                                      ****4****                 *******
  *                                            3  *************1***      * -55.
  *                                                                      *
  *                                        3                             *
  *                                                                      *
  *                                                                      *
  *                                                 2                    * -75.
  ************************************************************************


   Messungen:  13   Dauer[h.m]:   6.48   Messungen/Stunde:   1.91
   Berechnung mit Programm DRIFT2011: 2020 07 02
                                                                   ************
   GRAVIMETER: CG-5                                     MESSDATUM :*2020 07 01*
                                                                   ************

   Gezeiten im Gravimeter korrigiert
   dh von Oberkante zum Sensor (-21.1 cm) korrigiert
                     mittlere geographische Koordinaten:  48.2445  16.3499

   ZEIT       Lesung      dh      VG      Wert     Abw.     Koordinaten
   [UTC]                 [cm]   [ - - - Mikrogal - - - ]

    7.25    6345.369     24.9    253.06345432.0      1.1  48.2197  16.3742
   14.13    6345.344     24.9    253.06345407.0     -1.1  48.2197  16.3742
     0 = 0-059-20   : 6345430.9 +/-   2.6

    8.27    6323.342     24.9    308.66323418.8     -4.7  48.2692  16.3256
   13.18    6323.302     24.9    308.66323378.8      4.7  48.2692  16.3256
     1 = 1-040-13   : 6323416.7 +/-   7.0

    9.11    6315.089     20.7    308.66315152.9      5.9  48.2445  16.3499
   10.50    6315.059     21.0    308.66315123.8      3.7  48.2445  16.3499
   12.16    6315.026     21.2    308.66315091.4     -9.7  48.2445  16.3499
     2 = T   7  40  : 6315145.4 +/-   8.7

    9.53    6282.003     39.6    308.66282125.2     -2.6  48.2445  16.3499
   10.19    6282.004     39.6    308.66282126.2      5.9  48.2445  16.3499
   11.20    6281.971     39.7    308.66282093.5     -9.3  48.2445  16.3499
   11.44    6281.981     39.6    308.66282103.2      6.0  48.2445  16.3499
     3 = T  10 40A3 : 6282136.4 +/-   7.6

   10.07    6275.127     25.2    308.66275204.8     -5.8  48.2445  16.3499
   11.31    6275.115     25.1    308.66275192.5      5.8  48.2445  16.3499
     4 = T2010  40  : 6275223.1 +/-   8.4


          kubische Driftanpassung:
          A =  0.17175D+02  B = -0.11414D+02  C =  0.12348D+01
          SIGMA =   5.9

          Gangbreite =   61.

  ************************************************************************
  *     *********    2                                                   *   7.
  * ****     1   *****                                                   *
  *0                  ***                                                *
  *                      **                                              *
  *                        ***  3                                        *
  *                         3 **                                         * -13.
  *                           4 ***                                      *
  *                                ** 2                                 **
  *                                  **                                *0*
  *                                    ***   4                       **  *
  *                                       ***  3                    *    * -33.
  *                                          ***               1 ***     *
  *                                        3    ****          ***        *
  *                                                 **********           *
  *                                                                      *
  *                                                 2                    * -54.
  ************************************************************************


   Messungen:  13   Dauer[h.m]:   6.48   Messungen/Stunde:   1.91
