   Berechnung mit Programm DRIFT2011: 2019 11 22
                                                                   ************
   GRAVIMETER: CG-5                                     MESSDATUM :*2019 10 21*
                                                                   ************

   Gezeiten im Gravimeter korrigiert
   dh von Oberkante zum Sensor (-21.1 cm) korrigiert
                     mittlere geographische Koordinaten:  47.2278   9.5722

   ZEIT       Lesung      dh      VG      Wert     Abw.     Koordinaten
   [UTC]                 [cm]   [ - - - Mikrogal - - - ]

    6.11    5857.711    -15.1    308.65857664.4     -2.5  47.2278   9.5722
    9.08    5857.712    -15.1    308.65857665.4      2.4  47.2278   9.5722
   11.56    5857.706    -15.1    308.65857659.4      0.1  47.2278   9.5722
     0 = 2-142-10   : 5857666.9 +/-   3.2

    6.47    5887.181     -0.6    308.65887179.1      6.2  47.2278   9.5722
    9.42    5887.175     -1.1    308.65887171.6     -6.2  47.2278   9.5722
     1 = 2-142-00   : 5887179.1 +/-   9.0

    7.29    5952.393     25.4    343.05952480.1     -4.8  47.2278   9.5722
   10.27    5952.412     25.4    343.05952499.1      4.8  47.2278   9.5722
     2 = 1-140-00   : 5952493.8 +/-   7.0

    8.35    5770.156     25.4    308.65770234.4      1.3  47.2278   9.5722
   11.30    5770.157     25.4    308.65770235.4     -1.3  47.2278   9.5722
     3 = 2-169-01   : 5770239.6 +/-   2.7


          kubische Driftanpassung:
          A = -0.14010D+02  B =  0.65078D+01  C = -0.74806D+00
          SIGMA =   4.2

          Gangbreite =   19.

  ************************************************************************
  *                                                   2                  *   5.
  *                                                                      *
  *                                                    **                *
  ***     1                                   *********  *******         *
  *0 **                               0  *****                  ****     *
  *    **                           *****                          3**   *  -4.
  *      ***                   *3***                                  ** *
  *         *******   *********              1                          0*
  *                ***                                                   *
  *                                                                      *
  *                2                                                     * -14.
  ************************************************************************


   Messungen:   9   Dauer[h.m]:   5.45   Messungen/Stunde:   1.57
